<?xml version="1.0" encoding="UTF-8"?>
<testsuite xmlns:xsi="http://www.w3.org/2001/XMLSchema-instance" xsi:noNamespaceSchemaLocation="https://maven.apache.org/surefire/maven-surefire-plugin/xsd/surefire-test-report-3.0.xsd" version="3.0" name="com.javatechie.AwsDemoApplicationTests" time="2.937" tests="1" errors="0" skipped="0" failures="0">
  <properties>
[...]
</properties>
  <testcase name="contextLoads" classname="com.javatechie.AwsDemoApplicationTests" time="0.798">
    <system-out><![CDATA[10:47:43.305 [main] INFO org.springframework.test.context.support.AnnotationConfigContextLoaderUtils -- Could not detect default configuration classes for test class [com.javatechie.AwsDemoApplicationTests]: AwsDemoApplicationTests does not declare any static, non-private, non-final, nested classes annotated with @Configuration.
10:47:43.389 [main] INFO org.springframework.boot.test.context.SpringBootTestContextBootstrapper -- Found @SpringBootConfiguration com.javatechie.CourseServiceApplication for test class com.javatechie.AwsDemoApplicationTests

  .   ____          _            __ _ _
 /\\ / ___'_ __ _ _(_)_ __  __ _ \ \ \ \
( ( )\___ | '_ | '_| | '_ \/ _` | \ \ \ \
 \\/  ___)| |_)| | | | | || (_| |  ) ) ) )
  '  |____| .__|_| |_|_| |_\__, | / / / /
 =========|_|==============|___/=/_/_/_/
 :: Spring Boot ::                (v3.2.5)

2025-04-30T10:47:43.766-04:00  INFO 10368 --- [course-service] [           main] com.javatechie.AwsDemoApplicationTests   : Starting AwsDemoApplicationTests using Java 17.0.5 with PID 10368 (started by admin in C:\Users\admin\new-eclipse-workspace\aws-cicd)
2025-04-30T10:47:43.768-04:00  INFO 10368 --- [course-service] [           main] com.javatechie.AwsDemoApplicationTests   : No active profile set, falling back to 1 default profile: "default"
2025-04-30T10:47:45.284-04:00  INFO 10368 --- [course-service] [           main] com.javatechie.AwsDemoApplicationTests   : Started AwsDemoApplicationTests in 1.746 seconds (process running for 2.626)
]]></system-out>
  </testcase>
</testsuite>